Determining if the pthread_create exist failed with the following output:
Change Dir: /home/gspringhart/springhart/algo2/taller_memoria_dinamica/cmake-build-debug/CMakeFiles/CMakeTmp

Run Build Command:"/usr/bin/make" "cmTC_0b419/fast"
/usr/bin/make -f CMakeFiles/cmTC_0b419.dir/build.make CMakeFiles/cmTC_0b419.dir/build
make[1]: se entra en el directorio '/home/gspringhart/springhart/algo2/taller_memoria_dinamica/cmake-build-debug/CMakeFiles/CMakeTmp'
Building C object CMakeFiles/cmTC_0b419.dir/CheckSymbolExists.c.o
/usr/bin/cc    -o CMakeFiles/cmTC_0b419.dir/CheckSymbolExists.c.o   -c /home/gspringhart/springhart/algo2/taller_memoria_dinamica/cmake-build-debug/CMakeFiles/CMakeTmp/CheckSymbolExists.c
Linking C executable cmTC_0b419
/opt/clion-2017.2/bin/cmake/bin/cmake -E cmake_link_script CMakeFiles/cmTC_0b419.dir/link.txt --verbose=1
/usr/bin/cc      -rdynamic CMakeFiles/cmTC_0b419.dir/CheckSymbolExists.c.o  -o cmTC_0b419 
CMakeFiles/cmTC_0b419.dir/CheckSymbolExists.c.o: En la función `main':
CheckSymbolExists.c:(.text+0x16): referencia a `pthread_create' sin definir
collect2: error: ld returned 1 exit status
CMakeFiles/cmTC_0b419.dir/build.make:97: fallo en las instrucciones para el objetivo 'cmTC_0b419'
make[1]: *** [cmTC_0b419] Error 1
make[1]: se sale del directorio '/home/gspringhart/springhart/algo2/taller_memoria_dinamica/cmake-build-debug/CMakeFiles/CMakeTmp'
Makefile:126: fallo en las instrucciones para el objetivo 'cmTC_0b419/fast'
make: *** [cmTC_0b419/fast] Error 2

File /home/gspringhart/springhart/algo2/taller_memoria_dinamica/cmake-build-debug/CMakeFiles/CMakeTmp/CheckSymbolExists.c:
/* */
#include <pthread.h>

int main(int argc, char** argv)
{
  (void)argv;
#ifndef pthread_create
  return ((int*)(&pthread_create))[argc];
#else
  (void)argc;
  return 0;
#endif
}

Determining if the function pthread_create exists in the pthreads failed with the following output:
Change Dir: /home/gspringhart/springhart/algo2/taller_memoria_dinamica/cmake-build-debug/CMakeFiles/CMakeTmp

Run Build Command:"/usr/bin/make" "cmTC_fdcb8/fast"
/usr/bin/make -f CMakeFiles/cmTC_fdcb8.dir/build.make CMakeFiles/cmTC_fdcb8.dir/build
make[1]: se entra en el directorio '/home/gspringhart/springhart/algo2/taller_memoria_dinamica/cmake-build-debug/CMakeFiles/CMakeTmp'
Building C object CMakeFiles/cmTC_fdcb8.dir/CheckFunctionExists.c.o
/usr/bin/cc   -DCHECK_FUNCTION_EXISTS=pthread_create   -o CMakeFiles/cmTC_fdcb8.dir/CheckFunctionExists.c.o   -c /opt/clion-2017.2/bin/cmake/share/cmake-3.8/Modules/CheckFunctionExists.c
Linking C executable cmTC_fdcb8
/opt/clion-2017.2/bin/cmake/bin/cmake -E cmake_link_script CMakeFiles/cmTC_fdcb8.dir/link.txt --verbose=1
/usr/bin/cc  -DCHECK_FUNCTION_EXISTS=pthread_create    -rdynamic CMakeFiles/cmTC_fdcb8.dir/CheckFunctionExists.c.o  -o cmTC_fdcb8 -lpthreads 
/usr/bin/ld: no se puede encontrar -lpthreads
collect2: error: ld returned 1 exit status
CMakeFiles/cmTC_fdcb8.dir/build.make:97: fallo en las instrucciones para el objetivo 'cmTC_fdcb8'
make[1]: *** [cmTC_fdcb8] Error 1
make[1]: se sale del directorio '/home/gspringhart/springhart/algo2/taller_memoria_dinamica/cmake-build-debug/CMakeFiles/CMakeTmp'
Makefile:126: fallo en las instrucciones para el objetivo 'cmTC_fdcb8/fast'
make: *** [cmTC_fdcb8/fast] Error 2


